Determining if the pthread_create exist failed with the following output:
Change Dir: /home/gky/tools/LIDAR-Segmentation-Based-on-Range-Image/code/build/CMakeFiles/CMakeTmp

Run Build Command:"/usr/bin/make" "cmTC_b022f/fast"
/usr/bin/make -f CMakeFiles/cmTC_b022f.dir/build.make CMakeFiles/cmTC_b022f.dir/build
make[1]: 进入目录“/home/gky/tools/LIDAR-Segmentation-Based-on-Range-Image/code/build/CMakeFiles/CMakeTmp”
Building C object CMakeFiles/cmTC_b022f.dir/CheckSymbolExists.c.o
/usr/bin/cc    -o CMakeFiles/cmTC_b022f.dir/CheckSymbolExists.c.o   -c /home/gky/tools/LIDAR-Segmentation-Based-on-Range-Image/code/build/CMakeFiles/CMakeTmp/CheckSymbolExists.c
Linking C executable cmTC_b022f
/usr/bin/cmake -E cmake_link_script CMakeFiles/cmTC_b022f.dir/link.txt --verbose=1
/usr/bin/cc      -rdynamic CMakeFiles/cmTC_b022f.dir/CheckSymbolExists.c.o  -o cmTC_b022f 
CMakeFiles/cmTC_b022f.dir/CheckSymbolExists.c.o：在函数‘main’中：
CheckSymbolExists.c:(.text+0x1b)：对‘pthread_create’未定义的引用
collect2: error: ld returned 1 exit status
CMakeFiles/cmTC_b022f.dir/build.make:97: recipe for target 'cmTC_b022f' failed
make[1]: *** [cmTC_b022f] Error 1
make[1]: 离开目录“/home/gky/tools/LIDAR-Segmentation-Based-on-Range-Image/code/build/CMakeFiles/CMakeTmp”
Makefile:126: recipe for target 'cmTC_b022f/fast' failed
make: *** [cmTC_b022f/fast] Error 2

File /home/gky/tools/LIDAR-Segmentation-Based-on-Range-Image/code/build/CMakeFiles/CMakeTmp/CheckSymbolExists.c:
/* */
#include <pthread.h>

int main(int argc, char** argv)
{
  (void)argv;
#ifndef pthread_create
  return ((int*)(&pthread_create))[argc];
#else
  (void)argc;
  return 0;
#endif
}

Determining if the function pthread_create exists in the pthreads failed with the following output:
Change Dir: /home/gky/tools/LIDAR-Segmentation-Based-on-Range-Image/code/build/CMakeFiles/CMakeTmp

Run Build Command:"/usr/bin/make" "cmTC_db04f/fast"
/usr/bin/make -f CMakeFiles/cmTC_db04f.dir/build.make CMakeFiles/cmTC_db04f.dir/build
make[1]: 进入目录“/home/gky/tools/LIDAR-Segmentation-Based-on-Range-Image/code/build/CMakeFiles/CMakeTmp”
Building C object CMakeFiles/cmTC_db04f.dir/CheckFunctionExists.c.o
/usr/bin/cc   -DCHECK_FUNCTION_EXISTS=pthread_create   -o CMakeFiles/cmTC_db04f.dir/CheckFunctionExists.c.o   -c /usr/share/cmake-3.10/Modules/CheckFunctionExists.c
Linking C executable cmTC_db04f
/usr/bin/cmake -E cmake_link_script CMakeFiles/cmTC_db04f.dir/link.txt --verbose=1
/usr/bin/cc  -DCHECK_FUNCTION_EXISTS=pthread_create    -rdynamic CMakeFiles/cmTC_db04f.dir/CheckFunctionExists.c.o  -o cmTC_db04f -lpthreads 
/usr/bin/ld: 找不到 -lpthreads
collect2: error: ld returned 1 exit status
CMakeFiles/cmTC_db04f.dir/build.make:97: recipe for target 'cmTC_db04f' failed
make[1]: *** [cmTC_db04f] Error 1
make[1]: 离开目录“/home/gky/tools/LIDAR-Segmentation-Based-on-Range-Image/code/build/CMakeFiles/CMakeTmp”
Makefile:126: recipe for target 'cmTC_db04f/fast' failed
make: *** [cmTC_db04f/fast] Error 2


